## ComfyUI-Manager: installing dependencies done.
[2025-04-06 01:41:19.060] ** ComfyUI startup time: 2025-04-06 01:41:19.060
[2025-04-06 01:41:19.061] ** Platform: Linux
[2025-04-06 01:41:19.061] ** Python version: 3.12.9 | packaged by Anaconda, Inc. | (main, Feb  6 2025, 18:56:27) [GCC 11.2.0]
[2025-04-06 01:41:19.061] ** Python executable: /home/gongms/miniconda3/envs/comfyui/bin/python
[2025-04-06 01:41:19.061] ** ComfyUI Path: /home/gongms/runpod_serverless_test/ComfyUI
[2025-04-06 01:41:19.062] ** ComfyUI Base Folder Path: /home/gongms/runpod_serverless_test/ComfyUI
[2025-04-06 01:41:19.062] ** User directory: /home/gongms/runpod_serverless_test/ComfyUI/user
[2025-04-06 01:41:19.062] ** ComfyUI-Manager config path: /home/gongms/runpod_serverless_test/ComfyUI/user/default/ComfyUI-Manager/config.ini
[2025-04-06 01:41:19.062] ** Log path: /home/gongms/runpod_serverless_test/ComfyUI/user/comfyui.log

Prestartup times for custom nodes:
[2025-04-06 01:41:19.616]    1.2 seconds: /home/gongms/runpod_serverless_test/ComfyUI/custom_nodes/comfyui-manager
[2025-04-06 01:41:19.617] 
[2025-04-06 01:41:19.634] Checkpoint files will always be loaded safely.
[2025-04-06 01:41:19.787] Total VRAM 24217 MB, total RAM 515686 MB
[2025-04-06 01:41:19.787] pytorch version: 2.6.0+cu124
[2025-04-06 01:41:19.788] Set vram state to: NORMAL_VRAM
[2025-04-06 01:41:19.788] Device: cuda:0 NVIDIA GeForce RTX 4090 : native
[2025-04-06 01:41:21.004] Using pytorch attention
[2025-04-06 01:41:22.302] Could not import load_extra_path_config from main.py. Looking in utils.extra_config instead.
[2025-04-06 01:41:22.302] Could not find the extra_model_paths config file.
[2025-04-06 01:41:22.303] ComfyUI frontend version: 1.14.6
[2025-04-06 01:41:22.304] [Prompt Server] web root: /home/gongms/miniconda3/envs/comfyui/lib/python3.12/site-packages/comfyui_frontend_package/static
[2025-04-06 01:41:22.668] ### Loading: ComfyUI-Manager (V3.31.9)
[2025-04-06 01:41:22.669] [ComfyUI-Manager] network_mode: public
[2025-04-06 01:41:22.671] ### ComfyUI Revision: UNKNOWN (The currently installed ComfyUI is not a Git repository)
[2025-04-06 01:41:22.726] [ComfyUI-Manager] default cache updated: https://raw.githubusercontent.com/ltdrdata/ComfyUI-Manager/main/model-list.json
[2025-04-06 01:41:22.726] ComfyUI found: /home/gongms/runpod_serverless_test/ComfyUI
[2025-04-06 01:41:22.726] '/home/gongms/runpod_serverless_test/ComfyUI' added to sys.path
[2025-04-06 01:41:22.726] 
Import times for custom nodes:
[2025-04-06 01:41:22.726]    0.0 seconds: /home/gongms/runpod_serverless_test/ComfyUI/custom_nodes/websocket_image_save.py
[2025-04-06 01:41:22.726]    0.0 seconds: /home/gongms/runpod_serverless_test/ComfyUI/custom_nodes/comfyui-manager
[2025-04-06 01:41:22.726]    0.1 seconds: /home/gongms/runpod_serverless_test/ComfyUI/custom_nodes/ComfyUI-to-Python-Extension
[2025-04-06 01:41:22.726] 
[2025-04-06 01:41:22.731] [ComfyUI-Manager] default cache updated: https://raw.githubusercontent.com/ltdrdata/ComfyUI-Manager/main/alter-list.json
[2025-04-06 01:41:22.743] [ComfyUI-Manager] default cache updated: https://raw.githubusercontent.com/ltdrdata/ComfyUI-Manager/main/github-stats.json
[2025-04-06 01:41:22.778] [ComfyUI-Manager] default cache updated: https://raw.githubusercontent.com/ltdrdata/ComfyUI-Manager/main/custom-node-list.json
[2025-04-06 01:41:22.804] [ComfyUI-Manager] default cache updated: https://raw.githubusercontent.com/ltdrdata/ComfyUI-Manager/main/extension-node-map.json
[2025-04-06 01:41:22.819] model weight dtype torch.float8_e4m3fn, manual cast: torch.bfloat16
[2025-04-06 01:41:22.820] model_type FLUX
[2025-04-06 01:41:24.673] Using pytorch attention in VAE
[2025-04-06 01:41:24.674] Using pytorch attention in VAE
[2025-04-06 01:41:24.756] VAE load device: cuda:0, offload device: cpu, dtype: torch.bfloat16
[2025-04-06 01:41:24.869] CLIP/text encoder model load device: cuda:0, offload device: cpu, current: cpu, dtype: torch.float16
[2025-04-06 01:41:26.058] Token indices sequence length is longer than the specified maximum sequence length for this model (82 > 77). Running this sequence through the model will result in indexing errors
[2025-04-06 01:41:26.060] Requested to load FluxClipModel_
[2025-04-06 01:41:26.409] FETCH ComfyRegistry Data: 5/80
[2025-04-06 01:41:27.241] loaded completely 22606.6125 4777.53759765625 True
[2025-04-06 01:41:27.896] Requested to load Flux
[2025-04-06 01:41:30.381] FETCH ComfyRegistry Data: 10/80
[2025-04-06 01:41:30.916] loaded completely 17642.6444375 11350.067443847656 True
[2025-04-06 01:41:34.392] FETCH ComfyRegistry Data: 15/80
[2025-04-06 01:41:43.308] 100%|███████████████████████████████████████████████████████████████████████████████████████████████████████████████████████████████████████████████████████████████████████████████████████████████████████████████████████████████████████████████████████| 20/20 [00:12<00:00,  1.60it/s]100%|███████████████████████████████████████████████████████████████████████████████████████████████████████████████████████████████████████████████████████████████████████████████████████████████████████████████████████████████████████████████████████| 20/20 [00:12<00:00,  1.62it/s]
[2025-04-06 01:41:43.526] Requested to load AutoencodingEngine
[2025-04-06 01:41:43.628] loaded completely 2709.98681640625 159.87335777282715 True
[2025-04-06 01:41:44.026] runpod-worker-comfy - image generation is done
[2025-04-06 01:41:44.026] runpod-worker-comfy - ./ComfyUI/output/ComfyUI_00007_.png
[2025-04-06 01:41:44.026] runpod-worker-comfy - the image does not exist in the output folder
[2025-04-06 01:41:44.125] DEBUG  | local_test | Handler output: {'status': 'error', 'message': 'the image does not exist in the specified output folder: ./ComfyUI/output/ComfyUI_00007_.png', 'refresh_worker': False}
[2025-04-06 01:41:44.125] DEBUG  | local_test | run_job return: {'output': {'status': 'error', 'message': 'the image does not exist in the specified output folder: ./ComfyUI/output/ComfyUI_00007_.png'}}
[2025-04-06 01:41:44.126] INFO   | Job local_test completed successfully.
[2025-04-06 01:41:44.126] INFO   | Job result: {'output': {'status': 'error', 'message': 'the image does not exist in the specified output folder: ./ComfyUI/output/ComfyUI_00007_.png'}}
[2025-04-06 01:41:44.126] INFO   | Local testing complete, exiting.
[2025-04-06 01:42:04.924] Cannot connect to comfyregistry.
[2025-04-06 01:42:04.927] FETCH DATA from: https://raw.githubusercontent.com/ltdrdata/ComfyUI-Manager/main/custom-node-list.json [DONE]
[2025-04-06 01:42:04.998] [ComfyUI-Manager] All startup tasks have been completed.
